# JRE version: Java(TM) SE Runtime Environment (8.0_151-b12) (build 1.8.0_151-b12)
# Java VM: Java HotSpot(TM) 64-Bit Server VM (25.151-b12 mixed mode bsd-amd64 compressed oops)
Heap:
 PSYoungGen      total 38400K, used 16638K [0x0000000795580000, 0x0000000798000000, 0x00000007c0000000)
  eden space 33280K, 35% used [0x0000000795580000,0x000000079612fab8,0x0000000797600000)
  from space 5120K, 91% used [0x0000000797600000,0x0000000797a90010,0x0000000797b00000)
  to   space 5120K, 0% used [0x0000000797b00000,0x0000000797b00000,0x0000000798000000)
 ParOldGen       total 42496K, used 14093K [0x0000000740000000, 0x0000000742980000, 0x0000000795580000)
  object space 42496K, 33% used [0x0000000740000000,0x0000000740dc34b0,0x0000000742980000)
 Metaspace       used 24064K, capacity 25472K, committed 25776K, reserved 1071104K
  class space    used 3370K, capacity 3647K, committed 3760K, reserved 1048576K
GC Heap History (8 events):
Event: 31.761 GC heap before
{Heap before GC invocations=1 (full 0):
 PSYoungGen      total 38400K, used 33280K [0x0000000795580000, 0x0000000798000000, 0x00000007c0000000)
  eden space 33280K, 100% used [0x0000000795580000,0x0000000797600000,0x0000000797600000)
  from space 5120K, 0% used [0x0000000797b00000,0x0000000797b00000,0x0000000798000000)
  to   space 5120K, 0% used [0x0000000797600000,0x0000000797600000,0x0000000797b00000)
 ParOldGen       total 87552K, used 0K [0x0000000740000000, 0x0000000745580000, 0x0000000795580000)
  object space 87552K, 0% used [0x0000000740000000,0x0000000740000000,0x0000000745580000)
 Metaspace       used 13432K, capacity 13764K, committed 14080K, reserved 1060864K
  class space    used 1608K, capacity 1721K, committed 1792K, reserved 1048576K
Event: 31.767 GC heap after
Heap after GC invocations=1 (full 0):
 PSYoungGen      total 38400K, used 4239K [0x0000000795580000, 0x0000000798000000, 0x00000007c0000000)
  eden space 33280K, 0% used [0x0000000795580000,0x0000000795580000,0x0000000797600000)
  from space 5120K, 82% used [0x0000000797600000,0x0000000797a23dc0,0x0000000797b00000)
  to   space 5120K, 0% used [0x0000000797b00000,0x0000000797b00000,0x0000000798000000)
 ParOldGen       total 87552K, used 80K [0x0000000740000000, 0x0000000745580000, 0x0000000795580000)
  object space 87552K, 0% used [0x0000000740000000,0x0000000740014010,0x0000000745580000)
 Metaspace       used 13432K, capacity 13764K, committed 14080K, reserved 1060864K
  class space    used 1608K, capacity 1721K, committed 1792K, reserved 1048576K
}
Event: 32.555 GC heap before
{Heap before GC invocations=2 (full 0):
 PSYoungGen      total 38400K, used 31629K [0x0000000795580000, 0x0000000798000000, 0x00000007c0000000)
  eden space 33280K, 82% used [0x0000000795580000,0x000000079703f6a8,0x0000000797600000)
  from space 5120K, 82% used [0x0000000797600000,0x0000000797a23dc0,0x0000000797b00000)
  to   space 5120K, 0% used [0x0000000797b00000,0x0000000797b00000,0x0000000798000000)
 ParOldGen       total 87552K, used 80K [0x0000000740000000, 0x0000000745580000, 0x0000000795580000)
  object space 87552K, 0% used [0x0000000740000000,0x0000000740014010,0x0000000745580000)
 Metaspace       used 20454K, capacity 21238K, committed 21296K, reserved 1067008K
  class space    used 2932K, capacity 3108K, committed 3120K, reserved 1048576K
Event: 32.565 GC heap after
Heap after GC invocations=2 (full 0):
 PSYoungGen      total 38400K, used 5104K [0x0000000795580000, 0x0000000798000000, 0x00000007c0000000)
  eden space 33280K, 0% used [0x0000000795580000,0x0000000795580000,0x0000000797600000)
  from space 5120K, 99% used [0x0000000797b00000,0x0000000797ffc050,0x0000000798000000)
  to   space 5120K, 0% used [0x0000000797600000,0x0000000797600000,0x0000000797b00000)
 ParOldGen       total 87552K, used 1725K [0x0000000740000000, 0x0000000745580000, 0x0000000795580000)
  object space 87552K, 1% used [0x0000000740000000,0x00000007401af7a8,0x0000000745580000)
 Metaspace       used 20454K, capacity 21238K, committed 21296K, reserved 1067008K
  class space    used 2932K, capacity 3108K, committed 3120K, reserved 1048576K
}
Event: 32.565 GC heap before
{Heap before GC invocations=3 (full 1):
 PSYoungGen      total 38400K, used 5104K [0x0000000795580000, 0x0000000798000000, 0x00000007c0000000)
  eden space 33280K, 0% used [0x0000000795580000,0x0000000795580000,0x0000000797600000)
  from space 5120K, 99% used [0x0000000797b00000,0x0000000797ffc050,0x0000000798000000)
  to   space 5120K, 0% used [0x0000000797600000,0x0000000797600000,0x0000000797b00000)
 ParOldGen       total 87552K, used 1725K [0x0000000740000000, 0x0000000745580000, 0x0000000795580000)
  object space 87552K, 1% used [0x0000000740000000,0x00000007401af7a8,0x0000000745580000)
 Metaspace       used 20454K, capacity 21238K, committed 21296K, reserved 1067008K
  class space    used 2932K, capacity 3108K, committed 3120K, reserved 1048576K
Event: 32.600 GC heap after
Heap after GC invocations=3 (full 1):
 PSYoungGen      total 38400K, used 0K [0x0000000795580000, 0x0000000798000000, 0x00000007c0000000)
  eden space 33280K, 0% used [0x0000000795580000,0x0000000795580000,0x0000000797600000)
  from space 5120K, 0% used [0x0000000797b00000,0x0000000797b00000,0x0000000798000000)
  to   space 5120K, 0% used [0x0000000797600000,0x0000000797600000,0x0000000797b00000)
 ParOldGen       total 42496K, used 6733K [0x0000000740000000, 0x0000000742980000, 0x0000000795580000)
  object space 42496K, 15% used [0x0000000740000000,0x0000000740693490,0x0000000742980000)
 Metaspace       used 20454K, capacity 21238K, committed 21296K, reserved 1067008K
  class space    used 2932K, capacity 3108K, committed 3120K, reserved 1048576K
}
Event: 52.619 GC heap before
{Heap before GC invocations=4 (full 1):
 PSYoungGen      total 38400K, used 33280K [0x0000000795580000, 0x0000000798000000, 0x00000007c0000000)
  eden space 33280K, 100% used [0x0000000795580000,0x0000000797600000,0x0000000797600000)
  from space 5120K, 0% used [0x0000000797b00000,0x0000000797b00000,0x0000000798000000)
  to   space 5120K, 0% used [0x0000000797600000,0x0000000797600000,0x0000000797b00000)
 ParOldGen       total 42496K, used 6733K [0x0000000740000000, 0x0000000742980000, 0x0000000795580000)
  object space 42496K, 15% used [0x0000000740000000,0x0000000740693490,0x0000000742980000)
 Metaspace       used 23936K, capacity 25344K, committed 25520K, reserved 1071104K
  class space    used 3370K, capacity 3647K, committed 3760K, reserved 1048576K
Event: 52.631 GC heap after
Heap after GC invocations=4 (full 1):
 PSYoungGen      total 38400K, used 4672K [0x0000000795580000, 0x0000000798000000, 0x00000007c0000000)
  eden space 33280K, 0% used [0x0000000795580000,0x0000000795580000,0x0000000797600000)
  from space 5120K, 91% used [0x0000000797600000,0x0000000797a90010,0x0000000797b00000)
  to   space 5120K, 0% used [0x0000000797b00000,0x0000000797b00000,0x0000000798000000)
 ParOldGen       total 42496K, used 14093K [0x0000000740000000, 0x0000000742980000, 0x0000000795580000)
  object space 42496K, 33% used [0x0000000740000000,0x0000000740dc34b0,0x0000000742980000)
 Metaspace       used 23936K, capacity 25344K, committed 25520K, reserved 1071104K
  class space    used 3370K, capacity 3647K, committed 3760K, reserved 1048576K
}

